SF:/Users/shaikrafiya/workspace/js/assignments/js-inventory-Rafiya1207/src/error_messages.js
FN:1,throwErrorIfUndefined
FNDA:302,throwErrorIfUndefined
FNF:1
FNH:1
BRDA:2,1,0,23
BRF:1
BRH:1
DA:1,3
DA:2,305
DA:3,328
DA:4,328
DA:5,3
DA:6,1
LH:6
LF:6
end_of_record
SF:/Users/shaikrafiya/workspace/js/assignments/js-inventory-Rafiya1207/src/memory/memory_inventory.js
FN:3,createInventory
FN:7,initInventory
FN:16,listInventory
FN:23,validateArgs
FN:39,getItemId
FN:53,addItem
FN:66,getItemById
FN:69,updateItemQuantity
FNDA:27,createInventory
FNDA:17,initInventory
FNDA:4,listInventory
FNDA:12,validateArgs
FNDA:11,getItemId
FNDA:14,addItem
FNDA:3,getItemById
FNDA:5,updateItemQuantity
FNF:8
FNH:8
BRDA:10,2,0,1
BRDA:10,2,1,15
BRDA:24,4,0,2
BRDA:26,4,1,10
BRDA:34,4,2,1
BRDA:47,6,0,8
BRDA:49,6,1,1
BRDA:76,11,0,1
BRF:8
BRH:8
DA:1,1
DA:2,1
DA:3,1
DA:4,28
DA:5,1
DA:6,1
DA:7,1
DA:8,18
DA:9,1
DA:10,18
DA:11,1
DA:12,33
DA:13,33
DA:14,1
DA:15,1
DA:16,1
DA:17,5
DA:18,5
DA:19,1
DA:20,5
DA:21,1
DA:22,1
DA:23,1
DA:24,13
DA:25,15
DA:26,15
DA:27,1
DA:28,23
DA:29,23
DA:30,23
DA:31,1
DA:32,23
DA:33,1
DA:34,13
DA:35,14
DA:36,14
DA:37,1
DA:38,1
DA:39,1
DA:40,12
DA:41,12
DA:42,1
DA:43,12
DA:44,23
DA:45,12
DA:46,1
DA:47,12
DA:48,20
DA:49,20
DA:50,13
DA:51,1
DA:52,1
DA:53,1
DA:54,15
DA:55,15
DA:56,1
DA:57,15
DA:58,1
DA:59,15
DA:60,15
DA:61,1
DA:62,15
DA:63,15
DA:64,1
DA:65,1
DA:66,1
DA:67,1
DA:68,1
DA:69,1
DA:70,6
DA:71,6
DA:72,6
DA:73,1
DA:74,6
DA:75,1
DA:76,6
DA:77,7
DA:78,7
DA:79,1
DA:80,7
DA:81,7
DA:82,1
DA:83,1
LH:83
LF:83
end_of_record
SF:/Users/shaikrafiya/workspace/js/assignments/js-inventory-Rafiya1207/src/query_inventory.js
FN:3,parseAddArgs
FN:13,parseUpdateArgs
FN:22,parse
FN:26,list
FN:27,init
FN:33,validateQueryInventoryArgs
FN:39,queryInventory
FNDA:17,parseAddArgs
FNDA:8,parseUpdateArgs
FNDA:43,parse
FNDA:4,list
FNDA:13,init
FNDA:36,validateQueryInventoryArgs
FNDA:36,queryInventory
FNF:7
FNH:7
BRDA:44,7,0,12
BRDA:46,7,1,3
BRDA:49,7,2,10
BRDA:52,7,3,3
BRF:4
BRH:4
DA:1,1
DA:2,1
DA:3,1
DA:4,18
DA:5,1
DA:6,18
DA:7,18
DA:8,18
DA:9,1
DA:10,18
DA:11,1
DA:12,1
DA:13,1
DA:14,9
DA:15,1
DA:16,9
DA:17,9
DA:18,1
DA:19,9
DA:20,1
DA:21,1
DA:22,1
DA:23,44
DA:24,44
DA:25,44
DA:26,44
DA:27,44
DA:28,44
DA:29,1
DA:30,44
DA:31,1
DA:32,1
DA:33,1
DA:34,37
DA:35,37
DA:36,37
DA:37,1
DA:38,1
DA:39,1
DA:40,37
DA:41,37
DA:42,1
DA:43,37
DA:44,37
DA:45,49
DA:46,37
DA:47,40
DA:48,40
DA:49,37
DA:50,47
DA:51,47
DA:52,37
DA:53,40
DA:54,40
DA:55,37
DA:56,1
DA:57,1
LH:57
LF:57
end_of_record
SF:/Users/shaikrafiya/workspace/js/assignments/js-inventory-Rafiya1207/src/sqlite/sqlite_inventory.js
FN:5,createInventory
FN:7,initInventory
FN:19,listInventory
FN:40,getItemId
FN:56,addItem
FN:72,getItemById
FN:75,validateUpdateArgs
FN:83,updateItemQuantity
FNDA:50,createInventory
FNDA:33,initInventory
FNDA:7,listInventory
FNDA:13,getItemId
FNDA:22,addItem
FNDA:3,getItemById
FNDA:10,validateUpdateArgs
FNDA:11,updateItemQuantity
FNF:8
FNH:8
BRDA:21,3,0,2
BRDA:23,3,1,4
BRDA:43,5,0,1
BRDA:45,5,1,11
BRDA:50,5,2,10
BRDA:52,5,3,1
BRDA:58,6,0,6
BRDA:60,6,1,15
BRDA:62,6,2,2
BRDA:64,6,3,13
BRDA:76,8,0,7
BRDA:76,8,1,5
BRDA:87,9,0,9
BRDA:87,9,1,2
BRDA:89,9,2,3
BRDA:97,9,3,4
BRDA:97,9,4,1
BRDA:99,9,5,2
BRF:18
BRH:18
DA:1,2
DA:2,2
DA:3,2
DA:4,1
DA:5,2
DA:6,1
DA:7,2
DA:8,35
DA:9,1
DA:10,35
DA:11,35
DA:12,35
DA:13,35
DA:14,35
DA:15,35
DA:16,35
DA:17,2
DA:18,1
DA:19,2
DA:20,9
DA:21,9
DA:22,11
DA:23,11
DA:24,1
DA:25,13
DA:26,13
DA:27,13
DA:28,1
DA:29,13
DA:30,13
DA:31,15
DA:32,15
DA:33,15
DA:34,15
DA:35,15
DA:36,13
DA:37,13
DA:38,2
DA:39,1
DA:40,2
DA:41,15
DA:42,1
DA:43,15
DA:44,16
DA:45,16
DA:46,26
DA:47,26
DA:48,26
DA:49,1
DA:50,15
DA:51,25
DA:52,25
DA:53,16
DA:54,2
DA:55,1
DA:56,2
DA:57,24
DA:58,24
DA:59,30
DA:60,30
DA:61,1
DA:62,24
DA:63,26
DA:64,26
DA:65,1
DA:66,37
DA:67,37
DA:68,37
DA:69,37
DA:70,2
DA:71,1
DA:72,2
DA:73,2
DA:74,1
DA:75,2
DA:76,12
DA:77,17
DA:78,17
DA:79,17
DA:80,17
DA:81,2
DA:82,1
DA:83,2
DA:84,13
DA:85,13
DA:86,1
DA:87,13
DA:88,24
DA:89,24
DA:90,1
DA:91,25
DA:92,25
DA:93,25
DA:94,1
DA:95,25
DA:96,1
DA:97,13
DA:98,18
DA:99,18
DA:100,1
DA:101,19
DA:102,2
DA:103,1
LH:103
LF:103
end_of_record
SF:/Users/shaikrafiya/workspace/js/assignments/js-inventory-Rafiya1207/src/table_exists.js
FN:1,tableExists
FNDA:41,tableExists
FNF:1
FNH:1
BRF:0
BRH:0
DA:1,2
DA:2,43
DA:3,43
DA:4,43
DA:5,43
DA:6,43
DA:7,43
DA:8,43
DA:9,2
DA:10,1
LH:10
LF:10
end_of_record
